\BOOKMARK [0][-]{titlepage.0}{\376\377\142\111\230\165}{}% 1
\BOOKMARK [0][-]{abstract.0}{\376\377\144\130\211\201}{}% 2
\BOOKMARK [0][-]{toc.0}{\376\377\166\356\137\125}{}% 3
\BOOKMARK [0][-]{chapter.1}{\376\377\173\054\0001\172\340\000\040\000\040\217\331\146\057\116\300\116\110}{}% 4
\BOOKMARK [1][-]{section.1.1}{\376\377\0001\000.\0001\000\040\117\177\165\050\152\041\147\177}{chapter.1}% 5
\BOOKMARK [2][-]{subsection.1.1.1}{\376\377\0001\000.\0001\000.\0001\000\040\121\306\131\007\135\345\117\134}{section.1.1}% 6
\BOOKMARK [2][-]{subsection.1.1.2}{\376\377\0001\000.\0001\000.\0002\000\040\152\041\147\177\220\011\230\171}{section.1.1}% 7
\BOOKMARK [2][-]{subsection.1.1.3}{\376\377\0001\000.\0001\000.\0003\000\040\177\026\213\321\152\041\147\177}{section.1.1}% 8
\BOOKMARK [2][-]{subsection.1.1.4}{\376\377\0001\000.\0001\000.\0004\000\040\152\041\147\177\145\207\116\366\136\003\134\100}{section.1.1}% 9
\BOOKMARK [0][-]{chapter.2}{\376\377\173\054\0002\172\340\000\040\000\040\000L\000a\000T\000e\000X\000\040\143\222\162\110\117\213\133\120}{}% 10
\BOOKMARK [1][-]{section.2.1}{\376\377\0002\000.\0001\000\040\122\027\210\150\163\257\130\203}{chapter.2}% 11
\BOOKMARK [2][-]{subsection.2.1.1}{\376\377\0002\000.\0001\000.\0001\000\040\145\340\136\217\122\027\210\150}{section.2.1}% 12
\BOOKMARK [2][-]{subsection.2.1.2}{\376\377\0002\000.\0001\000.\0002\000\040\147\011\136\217\122\027\210\150}{section.2.1}% 13
\BOOKMARK [2][-]{subsection.2.1.3}{\376\377\0002\000.\0001\000.\0003\000\040\143\317\217\360\127\213\122\027\210\150}{section.2.1}% 14
\BOOKMARK [2][-]{subsection.2.1.4}{\376\377\0002\000.\0001\000.\0004\000\040\201\352\133\232\116\111\122\027\210\150\150\067\137\017}{section.2.1}% 15
\BOOKMARK [1][-]{section.2.2}{\376\377\0002\000.\0002\000\040\145\160\133\146\143\222\162\110}{chapter.2}% 16
\BOOKMARK [2][-]{subsection.2.2.1}{\376\377\0002\000.\0002\000.\0001\000\040\121\154\137\017\143\222\162\110}{section.2.2}% 17
\BOOKMARK [2][-]{subsection.2.2.2}{\376\377\0002\000.\0002\000.\0002\000\040\000S\000I\123\125\117\115}{section.2.2}% 18
\BOOKMARK [2][-]{subsection.2.2.3}{\376\377\0002\000.\0002\000.\0003\000\040\133\232\164\006\163\257\130\203}{section.2.2}% 19
\BOOKMARK [1][-]{section.2.3}{\376\377\0002\000.\0003\000\040\124\021\145\207\150\143\116\055\143\322\121\145\126\376\120\317}{chapter.2}% 20
\BOOKMARK [2][-]{subsection.2.3.1}{\376\377\0002\000.\0003\000.\0001\000\040\145\057\143\001\166\204\126\376\162\107\150\074\137\017}{section.2.3}% 21
\BOOKMARK [2][-]{subsection.2.3.2}{\376\377\0002\000.\0003\000.\0002\000\040\225\177\150\007\230\230\166\204\143\142\210\114}{section.2.3}% 22
\BOOKMARK [2][-]{subsection.2.3.3}{\376\377\0002\000.\0003\000.\0003\000\040\155\373\122\240\126\376\154\350}{section.2.3}% 23
\BOOKMARK [2][-]{subsection.2.3.4}{\376\377\0002\000.\0003\000.\0004\000\040\176\330\122\066\155\101\172\013\126\376}{section.2.3}% 24
\BOOKMARK [1][-]{section.2.4}{\376\377\0002\000.\0004\000\040\210\150\150\074}{chapter.2}% 25
\BOOKMARK [1][-]{section.2.5}{\376\377\0002\000.\0005\000\040\123\302\200\003\145\207\163\056\173\241\164\006}{chapter.2}% 26
\BOOKMARK [1][-]{section.2.6}{\376\377\0002\000.\0006\000\040\165\050\000l\000i\000s\000t\000i\000n\000g\000s\143\322\121\145\156\220\116\343\170\001}{chapter.2}% 27
\BOOKMARK [1][-]{section.2.7}{\376\377\0002\000.\0007\000\040\165\050\000a\000l\000g\000o\000r\000i\000t\000h\000m\124\214\000a\000l\000g\000o\000r\000i\000t\000h\000m\000i\000c\000x\133\217\123\005\143\322\121\145\173\227\154\325\143\317\217\360}{chapter.2}% 28
\BOOKMARK [0][-]{chapter.3}{\376\377\173\054\0003\172\340\000\040\000\040\136\070\211\301\225\356\230\230}{}% 29
\BOOKMARK [0][-]{chapter*.15}{\376\377\121\150\145\207\140\073\176\323}{}% 30
\BOOKMARK [0][-]{appendix.A}{\376\377\226\104\137\125\000\040\000A\000\040\000\040\144\055\136\372\152\041\147\177\177\026\213\321\163\257\130\203}{}% 31
\BOOKMARK [1][-]{section.A.1}{\376\377\000A\000.\0001\000\040\133\211\210\305\000T\000e\000X\123\321\210\114\162\110}{appendix.A}% 32
\BOOKMARK [2][-]{subsection.A.1.1}{\376\377\000A\000.\0001\000.\0001\000\040\000M\000a\000c\000\040\000O\000S\000\040\000X}{section.A.1}% 33
\BOOKMARK [2][-]{subsection.A.1.2}{\376\377\000A\000.\0001\000.\0002\000\040\000L\000i\000n\000u\000x}{section.A.1}% 34
\BOOKMARK [1][-]{section.A.2}{\376\377\000A\000.\0002\000\040\133\211\210\305\116\055\145\207\133\127\117\123}{appendix.A}% 35
\BOOKMARK [2][-]{subsection.A.2.1}{\376\377\000A\000.\0002\000.\0001\000\040\000M\000a\000c\000\040\000O\000S\000\040\000X\060\001\000D\000e\000e\000p\000i\000n}{section.A.2}% 36
\BOOKMARK [2][-]{subsection.A.2.2}{\376\377\000A\000.\0002\000.\0002\000\040\000R\000e\000d\000H\000a\000t\000/\000C\000e\000n\000t\000O\000S\165\050\142\067}{section.A.2}% 37
\BOOKMARK [0][-]{appendix.B}{\376\377\226\104\137\125\000\040\000B\000\040\000\040\000M\000a\000x\000w\000e\000l\000l\000\040\000E\000q\000u\000a\000t\000i\000o\000n\000s}{}% 38
\BOOKMARK [0][-]{appendix.C}{\376\377\226\104\137\125\000\040\000C\000\040\000\040\116\316\000\040\000C\000J\000K\040\023\000L\000a\000T\000e\000X\000\040\217\154\124\021\000\040\000X\000e\000T\000e\000X}{}% 39
\BOOKMARK [0][-]{appendix.D}{\376\377\226\104\137\125\000\040\000D\000\040\000\040\152\041\147\177\146\364\145\260\213\260\137\125}{}% 40
\BOOKMARK [0][-]{appendix*.16}{\376\377\123\302\200\003\145\207\163\056}{}% 41
\BOOKMARK [0][-]{appendix*.17}{\376\377\201\364\214\042}{}% 42
\BOOKMARK [0][-]{appendix*.18}{\376\377\145\073\213\373\133\146\117\115\147\037\225\364\123\321\210\150\166\204\133\146\147\057\213\272\145\207}{}% 43
